{"C:\\Users\\admin\\Documents\\GitHub\\PracticeSnippets\\Testing\\sum.js": {"path":"C:\\Users\\admin\\Documents\\GitHub\\PracticeSnippets\\Testing\\sum.js","statementMap":{"0":{"start":{"line":1,"column":0},"end":{"line":1,"column":39}},"1":{"start":{"line":1,"column":33},"end":{"line":1,"column":38}}},"fnMap":{"0":{"name":"(anonymous_0)","decl":{"start":{"line":1,"column":23},"end":{"line":1,"column":24}},"loc":{"start":{"line":1,"column":33},"end":{"line":1,"column":38}},"line":1}},"branchMap":{},"s":{"0":1,"1":1},"f":{"0":1},"b":{},"_coverageSchema":"43e27e138ebf9cfc5966b082cf9a028302ed4184","hash":"48f2a705caf9e936c224d3167baf11c332a602cd"}
}
