{"C:\\Users\\admin\\Documents\\GitHub\\PracticeSnippets\\Testing\\reverse.js": {"path":"C:\\Users\\admin\\Documents\\GitHub\\PracticeSnippets\\Testing\\reverse.js","statementMap":{"0":{"start":{"line":1,"column":16},"end":{"line":5,"column":13}},"1":{"start":{"line":2,"column":2},"end":{"line":5,"column":13}},"2":{"start":{"line":7,"column":0},"end":{"line":7,"column":25}}},"fnMap":{"0":{"name":"(anonymous_0)","decl":{"start":{"line":1,"column":16},"end":{"line":1,"column":17}},"loc":{"start":{"line":2,"column":2},"end":{"line":5,"column":13}},"line":2}},"branchMap":{},"s":{"0":1,"1":1,"2":1},"f":{"0":1},"b":{},"_coverageSchema":"43e27e138ebf9cfc5966b082cf9a028302ed4184","hash":"66a8fda70eff55ffbd8211f460484a6a24d0c761"}
,"C:\\Users\\admin\\Documents\\GitHub\\PracticeSnippets\\Testing\\sum.js": {"path":"C:\\Users\\admin\\Documents\\GitHub\\PracticeSnippets\\Testing\\sum.js","statementMap":{"0":{"start":{"line":1,"column":0},"end":{"line":1,"column":39}},"1":{"start":{"line":1,"column":33},"end":{"line":1,"column":38}}},"fnMap":{"0":{"name":"(anonymous_0)","decl":{"start":{"line":1,"column":23},"end":{"line":1,"column":24}},"loc":{"start":{"line":1,"column":33},"end":{"line":1,"column":38}},"line":1}},"branchMap":{},"s":{"0":1,"1":1},"f":{"0":1},"b":{},"_coverageSchema":"43e27e138ebf9cfc5966b082cf9a028302ed4184","hash":"48f2a705caf9e936c224d3167baf11c332a602cd"}
}
